<?xml version="1.0" encoding="UTF-8"?>
<testsuite xmlns:xsi="http://www.w3.org/2001/XMLSchema-instance" xsi:noNamespaceSchemaLocation="https://maven.apache.org/surefire/maven-surefire-plugin/xsd/surefire-test-report-3.0.xsd" version="3.0" name="com.loganalyzer.service.RagServiceTest" time="0.158" tests="3" errors="0" skipped="0" failures="0">
  <properties>
[...]
</properties>
  <testcase name="query_noMatchesReturnsEmptyChunks" classname="com.loganalyzer.service.RagServiceTest" time="0.143">
    <system-out><![CDATA[2026-04-27T12:14:27.347+05:30  INFO 13012 --- [log-analyzer] [           main] com.loganalyzer.service.RagService       : RAG query completed: 0 chunks retrieved for question: Something unrelated
]]></system-out>
  </testcase>
  <testcase name="query_retrievesChunksAndGeneratesAnswer" classname="com.loganalyzer.service.RagServiceTest" time="0.002">
    <system-out><![CDATA[2026-04-27T12:14:27.350+05:30  INFO 13012 --- [log-analyzer] [           main] com.loganalyzer.service.RagService       : RAG query completed: 1 chunks retrieved for question: What database errors occurred?
]]></system-out>
  </testcase>
  <testcase name="query_includesContextInPrompt" classname="com.loganalyzer.service.RagServiceTest" time="0.008">
    <system-out><![CDATA[2026-04-27T12:14:27.352+05:30  INFO 13012 --- [log-analyzer] [           main] com.loganalyzer.service.RagService       : RAG query completed: 1 chunks retrieved for question: What errors?
]]></system-out>
  </testcase>
</testsuite>