<?xml version="1.0" encoding="UTF-8"?>
<testsuite xmlns:xsi="http://www.w3.org/2001/XMLSchema-instance" xsi:noNamespaceSchemaLocation="https://maven.apache.org/surefire/maven-surefire-plugin/xsd/surefire-test-report-3.0.xsd" version="3.0" name="com.loganalyzer.controller.RagControllerTest" time="0.416" tests="4" errors="0" skipped="0" failures="0">
  <properties>
[...]
</properties>
  <testcase name="query_returnsAnswerAndChunks" classname="com.loganalyzer.controller.RagControllerTest" time="0.008">
    <system-out><![CDATA[2026-04-27T12:14:26.609+05:30  INFO 13012 --- [log-analyzer] [           main] t.c.s.AnnotationConfigContextLoaderUtils : Could not detect default configuration classes for test class [com.loganalyzer.controller.RagControllerTest]: RagControllerTest does not declare any static, non-private, non-final, nested classes annotated with @Configuration.
2026-04-27T12:14:26.619+05:30  INFO 13012 --- [log-analyzer] [           main] .b.t.c.SpringBootTestContextBootstrapper : Found @SpringBootConfiguration com.loganalyzer.LogAnalyzerApplication for test class com.loganalyzer.controller.RagControllerTest
2026-04-27T12:14:26.626+05:30  INFO 13012 --- [log-analyzer] [           main] o.s.b.d.r.RestartApplicationListener     : Restart disabled due to context in which it is running

  .   ____          _            __ _ _
 /\\ / ___'_ __ _ _(_)_ __  __ _ \ \ \ \
( ( )\___ | '_ | '_| | '_ \/ _` | \ \ \ \
 \\/  ___)| |_)| | | | | || (_| |  ) ) ) )
  '  |____| .__|_| |_|_| |_\__, | / / / /
 =========|_|==============|___/=/_/_/_/
 :: Spring Boot ::                (v3.2.4)

2026-04-27T12:14:26.662+05:30  INFO 13012 --- [log-analyzer] [           main] c.l.controller.RagControllerTest         : Starting RagControllerTest using Java 21.0.9 with PID 13012 (started by sidharthkrishna in /Users/sidharthkrishna/Beach/Langchain4j/tryouts/learn-langchain4j-loganalyser)
2026-04-27T12:14:26.666+05:30  INFO 13012 --- [log-analyzer] [           main] c.l.controller.RagControllerTest         : No active profile set, falling back to 1 default profile: "default"
2026-04-27T12:14:26.991+05:30  INFO 13012 --- [log-analyzer] [           main] o.s.b.t.m.w.SpringBootMockServletContext : Initializing Spring TestDispatcherServlet ''
2026-04-27T12:14:26.992+05:30  INFO 13012 --- [log-analyzer] [           main] o.s.t.web.servlet.TestDispatcherServlet  : Initializing Servlet ''
2026-04-27T12:14:26.992+05:30  INFO 13012 --- [log-analyzer] [           main] o.s.t.web.servlet.TestDispatcherServlet  : Completed initialization in 0 ms
2026-04-27T12:14:26.996+05:30  INFO 13012 --- [log-analyzer] [           main] c.l.controller.RagControllerTest         : Started RagControllerTest in 0.372 seconds (process running for 2.386)
]]></system-out>
  </testcase>
  <testcase name="ingest_json_returnsChunkCount" classname="com.loganalyzer.controller.RagControllerTest" time="0.006"/>
  <testcase name="query_noResults_returnsEmptyChunks" classname="com.loganalyzer.controller.RagControllerTest" time="0.003"/>
  <testcase name="ingest_multipart_returnsChunkCount" classname="com.loganalyzer.controller.RagControllerTest" time="0.004"/>
</testsuite>