<?xml version="1.0" encoding="UTF-8"?>
<testsuite xmlns:xsi="http://www.w3.org/2001/XMLSchema-instance" xsi:noNamespaceSchemaLocation="https://maven.apache.org/surefire/maven-surefire-plugin/xsd/surefire-test-report-3.0.xsd" version="3.0" name="com.loganalyzer.controller.LogAnalysisControllerTest" time="1.505" tests="13" errors="0" skipped="0" failures="0">
  <properties>
[...]
</properties>
  <testcase name="analyzeWithPrompt_multipart_withFile" classname="com.loganalyzer.controller.LogAnalysisControllerTest" time="0.084">
    <system-out><![CDATA[10:13:41.951 [main] INFO org.springframework.test.context.support.AnnotationConfigContextLoaderUtils -- Could not detect default configuration classes for test class [com.loganalyzer.controller.LogAnalysisControllerTest]: LogAnalysisControllerTest does not declare any static, non-private, non-final, nested classes annotated with @Configuration.
10:13:42.011 [main] INFO org.springframework.boot.test.context.SpringBootTestContextBootstrapper -- Found @SpringBootConfiguration com.loganalyzer.LogAnalyzerApplication for test class com.loganalyzer.controller.LogAnalysisControllerTest
10:13:42.052 [main] INFO org.springframework.boot.devtools.restart.RestartApplicationListener -- Restart disabled due to context in which it is running

  .   ____          _            __ _ _
 /\\ / ___'_ __ _ _(_)_ __  __ _ \ \ \ \
( ( )\___ | '_ | '_| | '_ \/ _` | \ \ \ \
 \\/  ___)| |_)| | | | | || (_| |  ) ) ) )
  '  |____| .__|_| |_|_| |_\__, | / / / /
 =========|_|==============|___/=/_/_/_/
 :: Spring Boot ::                (v3.2.4)

2026-04-27T10:13:42.223+05:30  INFO 90823 --- [log-analyzer] [           main] c.l.c.LogAnalysisControllerTest          : Starting LogAnalysisControllerTest using Java 21.0.9 with PID 90823 (started by sidharthkrishna in /Users/sidharthkrishna/Beach/Langchain4j/tryouts/learn-langchain4j-loganalyser)
2026-04-27T10:13:42.224+05:30  INFO 90823 --- [log-analyzer] [           main] c.l.c.LogAnalysisControllerTest          : No active profile set, falling back to 1 default profile: "default"
2026-04-27T10:13:43.191+05:30  INFO 90823 --- [log-analyzer] [           main] o.s.b.t.m.w.SpringBootMockServletContext : Initializing Spring TestDispatcherServlet ''
2026-04-27T10:13:43.191+05:30  INFO 90823 --- [log-analyzer] [           main] o.s.t.web.servlet.TestDispatcherServlet  : Initializing Servlet ''
2026-04-27T10:13:43.193+05:30  INFO 90823 --- [log-analyzer] [           main] o.s.t.web.servlet.TestDispatcherServlet  : Completed initialization in 1 ms
2026-04-27T10:13:43.205+05:30  INFO 90823 --- [log-analyzer] [           main] c.l.c.LogAnalysisControllerTest          : Started LogAnalysisControllerTest in 1.163 seconds (process running for 1.597)
]]></system-out>
    <system-err><![CDATA[WARNING: A Java agent has been loaded dynamically (/Users/sidharthkrishna/.m2/repository/net/bytebuddy/byte-buddy-agent/1.14.12/byte-buddy-agent-1.14.12.jar)
WARNING: If a serviceability tool is in use, please run with -XX:+EnableDynamicAgentLoading to hide this warning
WARNING: If a serviceability tool is not in use, please run with -Djdk.instrument.traceUsage for more information
WARNING: Dynamic loading of agents will be disallowed by default in a future release
]]></system-err>
  </testcase>
  <testcase name="analyzeWithMode_detectErrors" classname="com.loganalyzer.controller.LogAnalysisControllerTest" time="0.025"/>
  <testcase name="analyze_multipart_noInput_throws" classname="com.loganalyzer.controller.LogAnalysisControllerTest" time="0.006"/>
  <testcase name="analyzeWithMode_multipart_withFile" classname="com.loganalyzer.controller.LogAnalysisControllerTest" time="0.003"/>
  <testcase name="analyzeWithPrompt_json_customTemperature" classname="com.loganalyzer.controller.LogAnalysisControllerTest" time="0.003"/>
  <testcase name="analyze_multipart_withFile" classname="com.loganalyzer.controller.LogAnalysisControllerTest" time="0.002"/>
  <testcase name="analyze_json_returnsAnalysis" classname="com.loganalyzer.controller.LogAnalysisControllerTest" time="0.003"/>
  <testcase name="analyzeWithMode_rootCause" classname="com.loganalyzer.controller.LogAnalysisControllerTest" time="0.006"/>
  <testcase name="analyzeWithMode_explain" classname="com.loganalyzer.controller.LogAnalysisControllerTest" time="0.003"/>
  <testcase name="analyze_multipart_withLogText" classname="com.loganalyzer.controller.LogAnalysisControllerTest" time="0.004"/>
  <testcase name="analyzeWithMode_invalidMode_returns400" classname="com.loganalyzer.controller.LogAnalysisControllerTest" time="0.005">
    <system-out><![CDATA[2026-04-27T10:13:43.360+05:30  WARN 90823 --- [log-analyzer] [           main] .w.s.m.s.DefaultHandlerExceptionResolver : Resolved [org.springframework.web.method.annotation.MethodArgumentTypeMismatchException: Failed to convert value of type 'java.lang.String' to required type 'com.loganalyzer.model.AnalysisMode'; Failed to convert from type [java.lang.String] to type [@org.springframework.web.bind.annotation.PathVariable com.loganalyzer.model.AnalysisMode] for value [INVALID_MODE]]
]]></system-out>
  </testcase>
  <testcase name="analyzeWithPrompt_json_defaultTemperature" classname="com.loganalyzer.controller.LogAnalysisControllerTest" time="0.002"/>
  <testcase name="analyzeWithMode_summarize" classname="com.loganalyzer.controller.LogAnalysisControllerTest" time="0.002"/>
</testsuite>